<?xml version="1.0" encoding="UTF-8"?>
<testng-results ignored="0" total="2" passed="2" failed="0" skipped="0">
  <reporter-output>
  </reporter-output>
  <suite started-at="2023-05-25T11:42:17 IST" name="Suite" finished-at="2023-05-25T11:42:46 IST" duration-ms="29181">
    <groups>
    </groups>
    <test started-at="2023-05-25T11:42:17 IST" name="Pixel 3A" finished-at="2023-05-25T11:42:46 IST" duration-ms="29181">
      <class name="com.qa.tests.LoginTests">
        <test-method is-config="true" signature="beforeSuite()[pri:0, instance:com.qa.tests.LoginTests@292b08d6]" started-at="2023-05-25T11:42:13 IST" name="beforeSuite" finished-at="2023-05-25T11:42:17 IST" duration-ms="4371" status="PASS">
          <reporter-output>
          </reporter-output>
        </test-method> <!-- beforeSuite -->
        <test-method is-config="true" signature="beforeTest(java.lang.String,java.lang.String,java.lang.String,java.lang.String,java.lang.String,java.lang.String,java.lang.String)[pri:0, instance:com.qa.tests.LoginTests@292b08d6]" started-at="2023-05-25T11:42:17 IST" name="beforeTest" finished-at="2023-05-25T11:42:26 IST" duration-ms="8859" status="PASS">
          <params>
            <param index="0">
              <value>
                <![CDATA[Android]]>
              </value>
            </param>
            <param index="1">
              <value>
                <![CDATA[10.0]]>
              </value>
            </param>
            <param index="2">
              <value>
                <![CDATA[Pixel 3A]]>
              </value>
            </param>
            <param index="3">
              <value>
                <![CDATA[10001]]>
              </value>
            </param>
            <param index="4">
              <value>
                <![CDATA[11001]]>
              </value>
            </param>
            <param index="5">
              <value>
                <![CDATA[emulator-5556]]>
              </value>
            </param>
            <param index="6">
              <value>
                <![CDATA[Pixel_3A_V10]]>
              </value>
            </param>
          </params>
          <reporter-output>
          </reporter-output>
        </test-method> <!-- beforeTest -->
        <test-method is-config="true" signature="beforeClass()[pri:0, instance:com.qa.tests.LoginTests@292b08d6]" started-at="2023-05-25T11:42:26 IST" name="beforeClass" finished-at="2023-05-25T11:42:26 IST" duration-ms="448" status="PASS">
          <reporter-output>
          </reporter-output>
        </test-method> <!-- beforeClass -->
        <test-method is-config="true" signature="beforeMethod()[pri:0, instance:com.qa.tests.LoginTests@292b08d6]" started-at="2023-05-25T11:42:26 IST" name="beforeMethod" finished-at="2023-05-25T11:42:27 IST" duration-ms="461" status="PASS">
          <reporter-output>
          </reporter-output>
        </test-method> <!-- beforeMethod -->
        <test-method is-config="true" signature="beforeMethod(java.lang.reflect.Method)[pri:0, instance:com.qa.tests.LoginTests@292b08d6]" started-at="2023-05-25T11:42:27 IST" name="beforeMethod" finished-at="2023-05-25T11:42:27 IST" duration-ms="125" status="PASS">
          <params>
            <param index="0">
              <value>
                <![CDATA[public void com.qa.tests.LoginTests.invalidUserName() throws java.lang.InterruptedException]]>
              </value>
            </param>
          </params>
          <reporter-output>
          </reporter-output>
        </test-method> <!-- beforeMethod -->
        <test-method signature="invalidUserName()[pri:0, instance:com.qa.tests.LoginTests@292b08d6]" started-at="2023-05-25T11:42:27 IST" name="invalidUserName" finished-at="2023-05-25T11:42:37 IST" duration-ms="10377" status="PASS">
          <reporter-output>
          </reporter-output>
        </test-method> <!-- invalidUserName -->
        <test-method is-config="true" signature="afterMethod(org.testng.ITestResult)[pri:0, instance:com.qa.tests.LoginTests@292b08d6]" started-at="2023-05-25T11:42:37 IST" name="afterMethod" finished-at="2023-05-25T11:42:38 IST" duration-ms="963" status="PASS">
          <params>
            <param index="0">
              <value>
                <![CDATA[[TestResult name=invalidUserName status=SUCCESS method=LoginTests.invalidUserName()[pri:0, instance:com.qa.tests.LoginTests@292b08d6] output={null}]]]>
              </value>
            </param>
          </params>
          <reporter-output>
          </reporter-output>
        </test-method> <!-- afterMethod -->
        <test-method is-config="true" signature="afterMethod()[pri:0, instance:com.qa.tests.LoginTests@292b08d6]" started-at="2023-05-25T11:42:37 IST" name="afterMethod" finished-at="2023-05-25T11:42:37 IST" duration-ms="0" status="PASS">
          <reporter-output>
          </reporter-output>
        </test-method> <!-- afterMethod -->
        <test-method is-config="true" signature="beforeMethod()[pri:0, instance:com.qa.tests.LoginTests@292b08d6]" started-at="2023-05-25T11:42:38 IST" name="beforeMethod" finished-at="2023-05-25T11:42:39 IST" duration-ms="444" status="PASS">
          <reporter-output>
          </reporter-output>
        </test-method> <!-- beforeMethod -->
        <test-method is-config="true" signature="beforeMethod(java.lang.reflect.Method)[pri:0, instance:com.qa.tests.LoginTests@292b08d6]" started-at="2023-05-25T11:42:39 IST" name="beforeMethod" finished-at="2023-05-25T11:42:39 IST" duration-ms="6" status="PASS">
          <params>
            <param index="0">
              <value>
                <![CDATA[public void com.qa.tests.LoginTests.sucessfulLogin() throws java.lang.InterruptedException]]>
              </value>
            </param>
          </params>
          <reporter-output>
          </reporter-output>
        </test-method> <!-- beforeMethod -->
        <test-method signature="sucessfulLogin()[pri:0, instance:com.qa.tests.LoginTests@292b08d6]" started-at="2023-05-25T11:42:39 IST" name="sucessfulLogin" finished-at="2023-05-25T11:42:45 IST" duration-ms="6335" status="PASS">
          <reporter-output>
          </reporter-output>
        </test-method> <!-- sucessfulLogin -->
        <test-method is-config="true" signature="afterMethod()[pri:0, instance:com.qa.tests.LoginTests@292b08d6]" started-at="2023-05-25T11:42:45 IST" name="afterMethod" finished-at="2023-05-25T11:42:45 IST" duration-ms="0" status="PASS">
          <reporter-output>
          </reporter-output>
        </test-method> <!-- afterMethod -->
        <test-method is-config="true" signature="afterMethod(org.testng.ITestResult)[pri:0, instance:com.qa.tests.LoginTests@292b08d6]" started-at="2023-05-25T11:42:45 IST" name="afterMethod" finished-at="2023-05-25T11:42:46 IST" duration-ms="796" status="PASS">
          <params>
            <param index="0">
              <value>
                <![CDATA[[TestResult name=sucessfulLogin status=SUCCESS method=LoginTests.sucessfulLogin()[pri:0, instance:com.qa.tests.LoginTests@292b08d6] output={null}]]]>
              </value>
            </param>
          </params>
          <reporter-output>
          </reporter-output>
        </test-method> <!-- afterMethod -->
        <test-method is-config="true" signature="afterClass()[pri:0, instance:com.qa.tests.LoginTests@292b08d6]" started-at="2023-05-25T11:42:46 IST" name="afterClass" finished-at="2023-05-25T11:42:46 IST" duration-ms="0" status="PASS">
          <reporter-output>
          </reporter-output>
        </test-method> <!-- afterClass -->
        <test-method is-config="true" signature="afterTest()[pri:0, instance:com.qa.tests.LoginTests@292b08d6]" started-at="2023-05-25T11:42:46 IST" name="afterTest" finished-at="2023-05-25T11:42:46 IST" duration-ms="333" status="PASS">
          <reporter-output>
          </reporter-output>
        </test-method> <!-- afterTest -->
        <test-method is-config="true" signature="afterSuite()[pri:0, instance:com.qa.tests.LoginTests@292b08d6]" started-at="2023-05-25T11:42:47 IST" name="afterSuite" finished-at="2023-05-25T11:42:50 IST" duration-ms="3217" status="PASS">
          <reporter-output>
          </reporter-output>
        </test-method> <!-- afterSuite -->
      </class> <!-- com.qa.tests.LoginTests -->
    </test> <!-- Pixel 3A -->
  </suite> <!-- Suite -->
</testng-results>
